<?xml version="1.0" encoding="UTF-8"?>
<testng-results ignored="0" total="6" passed="6" failed="0" skipped="0">
  <reporter-output>
  </reporter-output>
  <suite started-at="2025-03-27T16:29:01 EET" name="Default suite" finished-at="2025-03-27T16:32:03 EET" duration-ms="181161">
    <groups>
      <group name="cucumber">
        <method signature="AbstractTestNGCucumberTests.runScenario(io.cucumber.testng.PickleWrapper,io.cucumber.testng.FeatureWrapper)[pri:0, instance:com.wu.automation.runners.TestRunner@7494f96a]" name="runScenario" class="io.cucumber.testng.AbstractTestNGCucumberTests"/>
      </group> <!-- cucumber -->
    </groups>
    <test started-at="2025-03-27T16:29:01 EET" name="Default test" finished-at="2025-03-27T16:32:03 EET" duration-ms="181161">
      <class name="com.wu.automation.runners.TestRunner">
        <test-method is-config="true" signature="setUpClass(org.testng.ITestContext)[pri:0, instance:com.wu.automation.runners.TestRunner@7494f96a]" started-at="2025-03-27T16:29:02 EET" name="setUpClass" finished-at="2025-03-27T16:29:03 EET" duration-ms="1568" status="PASS">
          <params>
            <param index="0">
              <value>
                <![CDATA[org.testng.TestRunner@21c747a]]>
              </value>
            </param>
          </params>
          <reporter-output>
          </reporter-output>
        </test-method> <!-- setUpClass -->
        <test-method signature="runScenario(io.cucumber.testng.PickleWrapper,io.cucumber.testng.FeatureWrapper)[pri:0, instance:com.wu.automation.runners.TestRunner@7494f96a]" started-at="2025-03-27T16:29:03 EET" name="runScenario" description="Runs Cucumber Scenarios" data-provider="scenarios" finished-at="2025-03-27T16:30:06 EET" duration-ms="63006" status="PASS">
          <params>
            <param index="0">
              <value>
                <![CDATA["Navigate to Find Locations page"]]>
              </value>
            </param>
            <param index="1">
              <value>
                <![CDATA["Western Union Location Search Service"]]>
              </value>
            </param>
          </params>
          <reporter-output>
          </reporter-output>
        </test-method> <!-- runScenario -->
        <test-method signature="runScenario(io.cucumber.testng.PickleWrapper,io.cucumber.testng.FeatureWrapper)[pri:0, instance:com.wu.automation.runners.TestRunner@7494f96a]" started-at="2025-03-27T16:30:06 EET" name="runScenario" description="Runs Cucumber Scenarios" data-provider="scenarios" finished-at="2025-03-27T16:30:13 EET" duration-ms="6596" status="PASS">
          <params>
            <param index="0">
              <value>
                <![CDATA["Search locations by zip code"]]>
              </value>
            </param>
            <param index="1">
              <value>
                <![CDATA["Western Union Location Search Service"]]>
              </value>
            </param>
          </params>
          <reporter-output>
          </reporter-output>
        </test-method> <!-- runScenario -->
        <test-method signature="runScenario(io.cucumber.testng.PickleWrapper,io.cucumber.testng.FeatureWrapper)[pri:0, instance:com.wu.automation.runners.TestRunner@7494f96a]" started-at="2025-03-27T16:30:13 EET" name="runScenario" description="Runs Cucumber Scenarios" data-provider="scenarios" finished-at="2025-03-27T16:30:56 EET" duration-ms="43543" status="PASS">
          <params>
            <param index="0">
              <value>
                <![CDATA["Goto to setting page"]]>
              </value>
            </param>
            <param index="1">
              <value>
                <![CDATA["Western Union Pay Bills Service"]]>
              </value>
            </param>
          </params>
          <reporter-output>
          </reporter-output>
        </test-method> <!-- runScenario -->
        <test-method signature="runScenario(io.cucumber.testng.PickleWrapper,io.cucumber.testng.FeatureWrapper)[pri:0, instance:com.wu.automation.runners.TestRunner@7494f96a]" started-at="2025-03-27T16:30:56 EET" name="runScenario" description="Runs Cucumber Scenarios" data-provider="scenarios" finished-at="2025-03-27T16:30:59 EET" duration-ms="2683" status="PASS">
          <params>
            <param index="0">
              <value>
                <![CDATA["Change country to USA"]]>
              </value>
            </param>
            <param index="1">
              <value>
                <![CDATA["Western Union Pay Bills Service"]]>
              </value>
            </param>
          </params>
          <reporter-output>
          </reporter-output>
        </test-method> <!-- runScenario -->
        <test-method signature="runScenario(io.cucumber.testng.PickleWrapper,io.cucumber.testng.FeatureWrapper)[pri:0, instance:com.wu.automation.runners.TestRunner@7494f96a]" started-at="2025-03-27T16:30:59 EET" name="runScenario" description="Runs Cucumber Scenarios" data-provider="scenarios" finished-at="2025-03-27T16:31:39 EET" duration-ms="40489" status="PASS">
          <params>
            <param index="0">
              <value>
                <![CDATA["Goto to bill payment page"]]>
              </value>
            </param>
            <param index="1">
              <value>
                <![CDATA["Western Union Pay Bills Service"]]>
              </value>
            </param>
          </params>
          <reporter-output>
          </reporter-output>
        </test-method> <!-- runScenario -->
        <test-method signature="runScenario(io.cucumber.testng.PickleWrapper,io.cucumber.testng.FeatureWrapper)[pri:0, instance:com.wu.automation.runners.TestRunner@7494f96a]" started-at="2025-03-27T16:31:39 EET" name="runScenario" description="Runs Cucumber Scenarios" data-provider="scenarios" finished-at="2025-03-27T16:32:02 EET" duration-ms="22291" status="PASS">
          <params>
            <param index="0">
              <value>
                <![CDATA["Fill bill payment form"]]>
              </value>
            </param>
            <param index="1">
              <value>
                <![CDATA["Western Union Pay Bills Service"]]>
              </value>
            </param>
          </params>
          <reporter-output>
          </reporter-output>
        </test-method> <!-- runScenario -->
        <test-method is-config="true" signature="tearDownClass()[pri:0, instance:com.wu.automation.runners.TestRunner@7494f96a]" started-at="2025-03-27T16:32:02 EET" name="tearDownClass" finished-at="2025-03-27T16:32:03 EET" duration-ms="799" status="PASS">
          <reporter-output>
          </reporter-output>
        </test-method> <!-- tearDownClass -->
        <test-method is-config="true" signature="tearDownSuite()[pri:0, instance:com.wu.automation.runners.TestRunner@7494f96a]" started-at="2025-03-27T16:32:03 EET" name="tearDownSuite" finished-at="2025-03-27T16:32:03 EET" duration-ms="0" status="PASS">
          <reporter-output>
          </reporter-output>
        </test-method> <!-- tearDownSuite -->
      </class> <!-- com.wu.automation.runners.TestRunner -->
    </test> <!-- Default test -->
  </suite> <!-- Default suite -->
</testng-results>
